<?xml version="1.0" encoding="UTF-8"?>
<!-- Generated by org.testng.reporters.JUnitReportReporter -->
<testsuite hostname="RushiBhagwat" failures="0" tests="4" name="runner.TestRunner" time="78.685" errors="0" timestamp="2025-03-08T18:02:24 IST" skipped="0">
  <testcase classname="runner.TestRunner" name="runScenario" time="19.580"/>
  <testcase classname="runner.TestRunner" name="runScenario" time="20.006"/>
  <testcase classname="runner.TestRunner" name="runScenario" time="19.206"/>
  <testcase classname="runner.TestRunner" name="runScenario" time="19.893"/>
</testsuite> <!-- runner.TestRunner -->
