<?xml version="1.0" encoding="UTF-8"?>
<!-- Generated by org.testng.reporters.JUnitReportReporter -->
<testsuite hostname="RushiBhagwat" failures="0" tests="4" name="runner.TestRunner" time="65.510" errors="0" timestamp="2024-02-25T17:45:44 IST" skipped="0">
  <testcase classname="runner.TestRunner" name="runScenario" time="16.413"/>
  <testcase classname="runner.TestRunner" name="runScenario" time="16.728"/>
  <testcase classname="runner.TestRunner" name="runScenario" time="15.979"/>
  <testcase classname="runner.TestRunner" name="runScenario" time="16.390"/>
</testsuite> <!-- runner.TestRunner -->
