<?xml version="1.0" encoding="UTF-8"?>
<!-- Generated by org.testng.reporters.JUnitReportReporter -->
<testsuite hostname="RushiBhagwat" failures="0" tests="4" name="runner.TestRunner" time="92.654" errors="0" timestamp="2025-03-01T12:36:04 IST" skipped="0">
  <testcase classname="runner.TestRunner" name="runScenario" time="23.014"/>
  <testcase classname="runner.TestRunner" name="runScenario" time="23.253"/>
  <testcase classname="runner.TestRunner" name="runScenario" time="23.334"/>
  <testcase classname="runner.TestRunner" name="runScenario" time="23.053"/>
</testsuite> <!-- runner.TestRunner -->
