<?xml version="1.0" encoding="UTF-8"?>
<!-- Generated by org.testng.reporters.JUnitReportReporter -->
<testsuite hostname="RushiBhagwat" failures="0" tests="4" name="runner.TestRunner" time="192.868" errors="0" timestamp="2025-03-01T12:17:58 IST" skipped="0">
  <testcase classname="runner.TestRunner" name="runScenario" time="49.009"/>
  <testcase classname="runner.TestRunner" name="runScenario" time="46.906"/>
  <testcase classname="runner.TestRunner" name="runScenario" time="46.907"/>
  <testcase classname="runner.TestRunner" name="runScenario" time="50.046"/>
</testsuite> <!-- runner.TestRunner -->
