<?xml version="1.0" encoding="UTF-8"?>
<!-- Generated by org.testng.reporters.JUnitReportReporter -->
<testsuite hostname="RushiBhagwat" failures="0" tests="4" name="runner.TestRunner" time="100.842" errors="0" timestamp="2025-03-08T16:34:07 IST" skipped="0">
  <testcase classname="runner.TestRunner" name="runScenario" time="25.119"/>
  <testcase classname="runner.TestRunner" name="runScenario" time="25.500"/>
  <testcase classname="runner.TestRunner" name="runScenario" time="25.350"/>
  <testcase classname="runner.TestRunner" name="runScenario" time="24.873"/>
</testsuite> <!-- runner.TestRunner -->
